<?xml version="1.0" encoding="UTF-8"?>
<!-- Generated by org.testng.reporters.JUnitXMLReporter -->
<testsuite ignored="0" hostname="DESKTOP-R42EGA1" failures="1" tests="1" name="Test" time="60.613" errors="0" timestamp="2022-02-08T20:00:25 IST">
  <testcase classname="pack.AppiumFramework.Tests.ECOMApp.AddToCart" name="addCart" time="58.314">
    <failure type="io.appium.java_client.NoSuchContextException" message="An unknown server-side error occurred while processing the command. Original error: No Chromedriver found that can automate Chrome &amp;apos;97.0.4692&amp;apos;. You could also try to enable automated chromedrivers download server feature. See https://github.com/appium/appium/blob/master/docs/en/writing-running-appium/web/chromedriver.md for more details
Build info: version: &amp;apos;3.141.59&amp;apos;, revision: &amp;apos;e82be7d358&amp;apos;, time: &amp;apos;2018-11-14T08:17:03&amp;apos;
System info: host: &amp;apos;DESKTOP-R42EGA1&amp;apos;, ip: &amp;apos;192.168.0.158&amp;apos;, os.name: &amp;apos;Windows 10&amp;apos;, os.arch: &amp;apos;amd64&amp;apos;, os.version: &amp;apos;10.0&amp;apos;, java.version: &amp;apos;15.0.2&amp;apos;
Driver info: io.appium.java_client.android.AndroidDriver
Capabilities {app: C:\Users\koush\OneDrive\Doc..., appPackage: com.androidsample.generalstore, automationName: uiautomator2, databaseEnabled: false, desired: {app: C:\Users\koush\OneDrive\Doc..., automationName: uiautomator2, deviceName: emulator-Pixel4, newCommandTimeout: 20, platformName: android}, deviceApiLevel: 30, deviceManufacturer: Google, deviceModel: sdk_gphone_x86, deviceName: emulator-5554, deviceScreenDensity: 440, deviceScreenSize: 1080x2280, deviceUDID: emulator-5554, javascriptEnabled: true, locationContextEnabled: false, networkConnectionEnabled: true, newCommandTimeout: 20, pixelRatio: 2.75, platform: LINUX, platformName: Android, platformVersion: 11, statBarHeight: 66, takesScreenshot: true, viewportRect: {height: 2082, left: 0, top: 66, width: 1080}, warnings: {}, webStorageEnabled: false}
Session ID: 536113e7-3707-4419-b330-63414178ee60">
      <![CDATA[io.appium.java_client.NoSuchContextException: An unknown server-side error occurred while processing the command. Original error: No Chromedriver found that can automate Chrome '97.0.4692'. You could also try to enable automated chromedrivers download server feature. See https://github.com/appium/appium/blob/master/docs/en/writing-running-appium/web/chromedriver.md for more details
Build info: version: '3.141.59', revision: 'e82be7d358', time: '2018-11-14T08:17:03'
System info: host: 'DESKTOP-R42EGA1', ip: '192.168.0.158', os.name: 'Windows 10', os.arch: 'amd64', os.version: '10.0', java.version: '15.0.2'
Driver info: io.appium.java_client.android.AndroidDriver
Capabilities {app: C:\Users\koush\OneDrive\Doc..., appPackage: com.androidsample.generalstore, automationName: uiautomator2, databaseEnabled: false, desired: {app: C:\Users\koush\OneDrive\Doc..., automationName: uiautomator2, deviceName: emulator-Pixel4, newCommandTimeout: 20, platformName: android}, deviceApiLevel: 30, deviceManufacturer: Google, deviceModel: sdk_gphone_x86, deviceName: emulator-5554, deviceScreenDensity: 440, deviceScreenSize: 1080x2280, deviceUDID: emulator-5554, javascriptEnabled: true, locationContextEnabled: false, networkConnectionEnabled: true, newCommandTimeout: 20, pixelRatio: 2.75, platform: LINUX, platformName: Android, platformVersion: 11, statBarHeight: 66, takesScreenshot: true, viewportRect: {height: 2082, left: 0, top: 66, width: 1080}, warnings: {}, webStorageEnabled: false}
Session ID: 536113e7-3707-4419-b330-63414178ee60
at io.appium.java_client.AppiumDriver.context(AppiumDriver.java:201)
at pack.AppiumFramework.Tests.ECOMApp.AddToCart.addCart(AddToCart.java:96)
at java.base/java.util.ArrayList.forEach(ArrayList.java:1511)
Caused by: org.openqa.selenium.WebDriverException: An unknown server-side error occurred while processing the command. Original error: No Chromedriver found that can automate Chrome '97.0.4692'. You could also try to enable automated chromedrivers download server feature. See https://github.com/appium/appium/blob/master/docs/en/writing-running-appium/web/chromedriver.md for more details
Build info: version: '3.141.59', revision: 'e82be7d358', time: '2018-11-14T08:17:03'
System info: host: 'DESKTOP-R42EGA1', ip: '192.168.0.158', os.name: 'Windows 10', os.arch: 'amd64', os.version: '10.0', java.version: '15.0.2'
Driver info: io.appium.java_client.android.AndroidDriver
Capabilities {app: C:\Users\koush\OneDrive\Doc..., appPackage: com.androidsample.generalstore, automationName: uiautomator2, databaseEnabled: false, desired: {app: C:\Users\koush\OneDrive\Doc..., automationName: uiautomator2, deviceName: emulator-Pixel4, newCommandTimeout: 20, platformName: android}, deviceApiLevel: 30, deviceManufacturer: Google, deviceModel: sdk_gphone_x86, deviceName: emulator-5554, deviceScreenDensity: 440, deviceScreenSize: 1080x2280, deviceUDID: emulator-5554, javascriptEnabled: true, locationContextEnabled: false, networkConnectionEnabled: true, newCommandTimeout: 20, pixelRatio: 2.75, platform: LINUX, platformName: Android, platformVersion: 11, statBarHeight: 66, takesScreenshot: true, viewportRect: {height: 2082, left: 0, top: 66, width: 1080}, warnings: {}, webStorageEnabled: false}
Session ID: 536113e7-3707-4419-b330-63414178ee60
at org.openqa.selenium.remote.http.W3CHttpResponseCodec.createException(W3CHttpResponseCodec.java:187)
at org.openqa.selenium.remote.http.W3CHttpResponseCodec.decode(W3CHttpResponseCodec.java:122)
at org.openqa.selenium.remote.http.W3CHttpResponseCodec.decode(W3CHttpResponseCodec.java:49)
at org.openqa.selenium.remote.HttpCommandExecutor.execute(HttpCommandExecutor.java:158)
at io.appium.java_client.remote.AppiumCommandExecutor.execute(AppiumCommandExecutor.java:239)
at org.openqa.selenium.remote.RemoteWebDriver.execute(RemoteWebDriver.java:552)
at io.appium.java_client.DefaultGenericMobileDriver.execute(DefaultGenericMobileDriver.java:42)
at io.appium.java_client.AppiumDriver.execute(AppiumDriver.java:1)
at io.appium.java_client.android.AndroidDriver.execute(AndroidDriver.java:1)
at io.appium.java_client.AppiumDriver.context(AppiumDriver.java:198)
... 29 more
... Removed 32 stack frames]]>
    </failure>
  </testcase> <!-- addCart -->
</testsuite> <!-- Test -->
